<?xml version="1.0" encoding="UTF-8"?>
<testsuite xmlns:xsi="http://www.w3.org/2001/XMLSchema-instance" xsi:noNamespaceSchemaLocation="https://maven.apache.org/surefire/maven-surefire-plugin/xsd/surefire-test-report-3.0.xsd" version="3.0" name="CorpusFormatDocumentParserTest" time="0.088" tests="3" errors="0" skipped="0" failures="0">
  <properties>
    <property name="sun.desktop" value="windows"/>
    <property name="awt.toolkit" value="sun.awt.windows.WToolkit"/>
    <property name="java.specification.version" value="11"/>
    <property name="sun.cpu.isalist" value="amd64"/>
    <property name="sun.jnu.encoding" value="Cp1252"/>
    <property name="java.class.path" value="C:\Users\SaulRC1\Documents\4º Ingeniería Informática\Motores de Busqueda\Practica1_MotoresDeBusqueda\target\test-classes;C:\Users\SaulRC1\Documents\4º Ingeniería Informática\Motores de Busqueda\Practica1_MotoresDeBusqueda\target\classes;C:\Users\SaulRC1\.m2\repository\org\apache\solr\solr-solrj\9.3.0\solr-solrj-9.3.0.jar;C:\Users\SaulRC1\.m2\repository\org\eclipse\jetty\http2\http2-client\10.0.15\http2-client-10.0.15.jar;C:\Users\SaulRC1\.m2\repository\org\eclipse\jetty\http2\http2-common\10.0.15\http2-common-10.0.15.jar;C:\Users\SaulRC1\.m2\repository\org\eclipse\jetty\http2\http2-hpack\10.0.15\http2-hpack-10.0.15.jar;C:\Users\SaulRC1\.m2\repository\org\eclipse\jetty\jetty-alpn-client\10.0.15\jetty-alpn-client-10.0.15.jar;C:\Users\SaulRC1\.m2\repository\org\apache\httpcomponents\httpmime\4.5.14\httpmime-4.5.14.jar;C:\Users\SaulRC1\.m2\repository\org\slf4j\slf4j-api\2.0.7\slf4j-api-2.0.7.jar;C:\Users\SaulRC1\.m2\repository\org\eclipse\jetty\http2\http2-http-client-transport\10.0.15\http2-http-client-transport-10.0.15.jar;C:\Users\SaulRC1\.m2\repository\org\eclipse\jetty\jetty-http\10.0.15\jetty-http-10.0.15.jar;C:\Users\SaulRC1\.m2\repository\org\eclipse\jetty\jetty-client\10.0.15\jetty-client-10.0.15.jar;C:\Users\SaulRC1\.m2\repository\org\eclipse\jetty\jetty-util\10.0.15\jetty-util-10.0.15.jar;C:\Users\SaulRC1\.m2\repository\org\eclipse\jetty\jetty-io\10.0.15\jetty-io-10.0.15.jar;C:\Users\SaulRC1\.m2\repository\org\apache\httpcomponents\httpclient\4.5.14\httpclient-4.5.14.jar;C:\Users\SaulRC1\.m2\repository\commons-codec\commons-codec\1.11\commons-codec-1.11.jar;C:\Users\SaulRC1\.m2\repository\org\apache\httpcomponents\httpcore\4.4.16\httpcore-4.4.16.jar;C:\Users\SaulRC1\.m2\repository\org\slf4j\jcl-over-slf4j\2.0.7\jcl-over-slf4j-2.0.7.jar;C:\Users\SaulRC1\.m2\repository\org\eclipse\jetty\jetty-alpn-java-client\10.0.15\jetty-alpn-java-client-10.0.15.jar;C:\Users\SaulRC1\.m2\repository\org\apache\solr\solr-solrj-streaming\9.3.0\solr-solrj-streaming-9.3.0.jar;C:\Users\SaulRC1\.m2\repository\org\apache\commons\commons-math3\3.6.1\commons-math3-3.6.1.jar;C:\Users\SaulRC1\.m2\repository\org\apache\solr\solr-solrj-zookeeper\9.3.0\solr-solrj-zookeeper-9.3.0.jar;C:\Users\SaulRC1\.m2\repository\org\apache\zookeeper\zookeeper\3.8.1\zookeeper-3.8.1.jar;C:\Users\SaulRC1\.m2\repository\io\netty\netty-handler\4.1.86.Final\netty-handler-4.1.86.Final.jar;C:\Users\SaulRC1\.m2\repository\io\netty\netty-common\4.1.86.Final\netty-common-4.1.86.Final.jar;C:\Users\SaulRC1\.m2\repository\io\netty\netty-resolver\4.1.86.Final\netty-resolver-4.1.86.Final.jar;C:\Users\SaulRC1\.m2\repository\io\netty\netty-buffer\4.1.86.Final\netty-buffer-4.1.86.Final.jar;C:\Users\SaulRC1\.m2\repository\io\netty\netty-transport\4.1.86.Final\netty-transport-4.1.86.Final.jar;C:\Users\SaulRC1\.m2\repository\io\netty\netty-transport-native-unix-common\4.1.86.Final\netty-transport-native-unix-common-4.1.86.Final.jar;C:\Users\SaulRC1\.m2\repository\io\netty\netty-codec\4.1.86.Final\netty-codec-4.1.86.Final.jar;C:\Users\SaulRC1\.m2\repository\io\netty\netty-transport-native-epoll\4.1.86.Final\netty-transport-native-epoll-4.1.86.Final.jar;C:\Users\SaulRC1\.m2\repository\io\netty\netty-transport-classes-epoll\4.1.86.Final\netty-transport-classes-epoll-4.1.86.Final.jar;C:\Users\SaulRC1\.m2\repository\commons-io\commons-io\2.11.0\commons-io-2.11.0.jar;C:\Users\SaulRC1\.m2\repository\org\apache\zookeeper\zookeeper-jute\3.8.1\zookeeper-jute-3.8.1.jar;C:\Users\SaulRC1\.m2\repository\org\junit\jupiter\junit-jupiter-api\5.9.3\junit-jupiter-api-5.9.3.jar;C:\Users\SaulRC1\.m2\repository\org\opentest4j\opentest4j\1.2.0\opentest4j-1.2.0.jar;C:\Users\SaulRC1\.m2\repository\org\junit\platform\junit-platform-commons\1.9.3\junit-platform-commons-1.9.3.jar;C:\Users\SaulRC1\.m2\repository\org\apiguardian\apiguardian-api\1.1.2\apiguardian-api-1.1.2.jar;"/>
    <property name="java.vm.vendor" value="Eclipse Adoptium"/>
    <property name="sun.arch.data.model" value="64"/>
    <property name="user.variant" value=""/>
    <property name="java.vendor.url" value="https://adoptium.net/"/>
    <property name="user.timezone" value="Europe/Paris"/>
    <property name="java.vm.specification.version" value="11"/>
    <property name="os.name" value="Windows 10"/>
    <property name="user.country" value="ES"/>
    <property name="sun.java.launcher" value="SUN_STANDARD"/>
    <property name="sun.boot.library.path" value="C:\Program Files\Java\jdk-11.0.19+7\bin"/>
    <property name="sun.java.command" value="C:\Users\SaulRC1\AppData\Local\Temp\surefire10866276517169645148\surefirebooter-20231005215930188_3.jar C:\Users\SaulRC1\AppData\Local\Temp\surefire10866276517169645148 2023-10-05T21-59-29_719-jvmRun1 surefire-20231005215930188_1tmp surefire_0-20231005215930188_2tmp"/>
    <property name="jdk.debug" value="release"/>
    <property name="surefire.test.class.path" value="C:\Users\SaulRC1\Documents\4º Ingeniería Informática\Motores de Busqueda\Practica1_MotoresDeBusqueda\target\test-classes;C:\Users\SaulRC1\Documents\4º Ingeniería Informática\Motores de Busqueda\Practica1_MotoresDeBusqueda\target\classes;C:\Users\SaulRC1\.m2\repository\org\apache\solr\solr-solrj\9.3.0\solr-solrj-9.3.0.jar;C:\Users\SaulRC1\.m2\repository\org\eclipse\jetty\http2\http2-client\10.0.15\http2-client-10.0.15.jar;C:\Users\SaulRC1\.m2\repository\org\eclipse\jetty\http2\http2-common\10.0.15\http2-common-10.0.15.jar;C:\Users\SaulRC1\.m2\repository\org\eclipse\jetty\http2\http2-hpack\10.0.15\http2-hpack-10.0.15.jar;C:\Users\SaulRC1\.m2\repository\org\eclipse\jetty\jetty-alpn-client\10.0.15\jetty-alpn-client-10.0.15.jar;C:\Users\SaulRC1\.m2\repository\org\apache\httpcomponents\httpmime\4.5.14\httpmime-4.5.14.jar;C:\Users\SaulRC1\.m2\repository\org\slf4j\slf4j-api\2.0.7\slf4j-api-2.0.7.jar;C:\Users\SaulRC1\.m2\repository\org\eclipse\jetty\http2\http2-http-client-transport\10.0.15\http2-http-client-transport-10.0.15.jar;C:\Users\SaulRC1\.m2\repository\org\eclipse\jetty\jetty-http\10.0.15\jetty-http-10.0.15.jar;C:\Users\SaulRC1\.m2\repository\org\eclipse\jetty\jetty-client\10.0.15\jetty-client-10.0.15.jar;C:\Users\SaulRC1\.m2\repository\org\eclipse\jetty\jetty-util\10.0.15\jetty-util-10.0.15.jar;C:\Users\SaulRC1\.m2\repository\org\eclipse\jetty\jetty-io\10.0.15\jetty-io-10.0.15.jar;C:\Users\SaulRC1\.m2\repository\org\apache\httpcomponents\httpclient\4.5.14\httpclient-4.5.14.jar;C:\Users\SaulRC1\.m2\repository\commons-codec\commons-codec\1.11\commons-codec-1.11.jar;C:\Users\SaulRC1\.m2\repository\org\apache\httpcomponents\httpcore\4.4.16\httpcore-4.4.16.jar;C:\Users\SaulRC1\.m2\repository\org\slf4j\jcl-over-slf4j\2.0.7\jcl-over-slf4j-2.0.7.jar;C:\Users\SaulRC1\.m2\repository\org\eclipse\jetty\jetty-alpn-java-client\10.0.15\jetty-alpn-java-client-10.0.15.jar;C:\Users\SaulRC1\.m2\repository\org\apache\solr\solr-solrj-streaming\9.3.0\solr-solrj-streaming-9.3.0.jar;C:\Users\SaulRC1\.m2\repository\org\apache\commons\commons-math3\3.6.1\commons-math3-3.6.1.jar;C:\Users\SaulRC1\.m2\repository\org\apache\solr\solr-solrj-zookeeper\9.3.0\solr-solrj-zookeeper-9.3.0.jar;C:\Users\SaulRC1\.m2\repository\org\apache\zookeeper\zookeeper\3.8.1\zookeeper-3.8.1.jar;C:\Users\SaulRC1\.m2\repository\io\netty\netty-handler\4.1.86.Final\netty-handler-4.1.86.Final.jar;C:\Users\SaulRC1\.m2\repository\io\netty\netty-common\4.1.86.Final\netty-common-4.1.86.Final.jar;C:\Users\SaulRC1\.m2\repository\io\netty\netty-resolver\4.1.86.Final\netty-resolver-4.1.86.Final.jar;C:\Users\SaulRC1\.m2\repository\io\netty\netty-buffer\4.1.86.Final\netty-buffer-4.1.86.Final.jar;C:\Users\SaulRC1\.m2\repository\io\netty\netty-transport\4.1.86.Final\netty-transport-4.1.86.Final.jar;C:\Users\SaulRC1\.m2\repository\io\netty\netty-transport-native-unix-common\4.1.86.Final\netty-transport-native-unix-common-4.1.86.Final.jar;C:\Users\SaulRC1\.m2\repository\io\netty\netty-codec\4.1.86.Final\netty-codec-4.1.86.Final.jar;C:\Users\SaulRC1\.m2\repository\io\netty\netty-transport-native-epoll\4.1.86.Final\netty-transport-native-epoll-4.1.86.Final.jar;C:\Users\SaulRC1\.m2\repository\io\netty\netty-transport-classes-epoll\4.1.86.Final\netty-transport-classes-epoll-4.1.86.Final.jar;C:\Users\SaulRC1\.m2\repository\commons-io\commons-io\2.11.0\commons-io-2.11.0.jar;C:\Users\SaulRC1\.m2\repository\org\apache\zookeeper\zookeeper-jute\3.8.1\zookeeper-jute-3.8.1.jar;C:\Users\SaulRC1\.m2\repository\org\junit\jupiter\junit-jupiter-api\5.9.3\junit-jupiter-api-5.9.3.jar;C:\Users\SaulRC1\.m2\repository\org\opentest4j\opentest4j\1.2.0\opentest4j-1.2.0.jar;C:\Users\SaulRC1\.m2\repository\org\junit\platform\junit-platform-commons\1.9.3\junit-platform-commons-1.9.3.jar;C:\Users\SaulRC1\.m2\repository\org\apiguardian\apiguardian-api\1.1.2\apiguardian-api-1.1.2.jar;"/>
    <property name="sun.cpu.endian" value="little"/>
    <property name="user.home" value="C:\Users\SaulRC1"/>
    <property name="user.language" value="es"/>
    <property name="java.specification.vendor" value="Oracle Corporation"/>
    <property name="java.version.date" value="2023-04-18"/>
    <property name="java.home" value="C:\Program Files\Java\jdk-11.0.19+7"/>
    <property name="file.separator" value="\"/>
    <property name="basedir" value="C:\Users\SaulRC1\Documents\4º Ingeniería Informática\Motores de Busqueda\Practica1_MotoresDeBusqueda"/>
    <property name="java.vm.compressedOopsMode" value="Zero based"/>
    <property name="line.separator" value="&#10;"/>
    <property name="java.specification.name" value="Java Platform API Specification"/>
    <property name="java.vm.specification.vendor" value="Oracle Corporation"/>
    <property name="java.awt.graphicsenv" value="sun.awt.Win32GraphicsEnvironment"/>
    <property name="surefire.real.class.path" value="C:\Users\SaulRC1\AppData\Local\Temp\surefire10866276517169645148\surefirebooter-20231005215930188_3.jar"/>
    <property name="user.script" value=""/>
    <property name="sun.management.compiler" value="HotSpot 64-Bit Tiered Compilers"/>
    <property name="java.runtime.version" value="11.0.19+7"/>
    <property name="user.name" value="SaulRC1"/>
    <property name="path.separator" value=";"/>
    <property name="os.version" value="10.0"/>
    <property name="java.runtime.name" value="OpenJDK Runtime Environment"/>
    <property name="file.encoding" value="Cp1252"/>
    <property name="java.vm.name" value="OpenJDK 64-Bit Server VM"/>
    <property name="java.vendor.version" value="Temurin-11.0.19+7"/>
    <property name="maven.ext.class.path" value="C:\Program Files\NetBeans-15\netbeans\java\maven-nblib\netbeans-eventspy.jar"/>
    <property name="localRepository" value="C:\Users\SaulRC1\.m2\repository"/>
    <property name="java.vendor.url.bug" value="https://github.com/adoptium/adoptium-support/issues"/>
    <property name="java.io.tmpdir" value="C:\Users\SaulRC1\AppData\Local\Temp\"/>
    <property name="java.version" value="11.0.19"/>
    <property name="user.dir" value="C:\Users\SaulRC1\Documents\4º Ingeniería Informática\Motores de Busqueda\Practica1_MotoresDeBusqueda"/>
    <property name="os.arch" value="amd64"/>
    <property name="java.vm.specification.name" value="Java Virtual Machine Specification"/>
    <property name="java.awt.printerjob" value="sun.awt.windows.WPrinterJob"/>
    <property name="sun.os.patch.level" value=""/>
    <property name="java.library.path" value="C:\Program Files\Java\jdk-11.0.19+7\bin;C:\WINDOWS\Sun\Java\bin;C:\WINDOWS\system32;C:\WINDOWS;C:\Program Files\Oculus\Support\oculus-runtime;C:\Program Files\Java\jdk-11.0.19+7\bin;C:\Program Files\Eclipse Foundation\jdk-8.0.302.8-hotspot\bin;C:\Python310\Scripts\;C:\Python310\;C:\Program Files\Common Files\Oracle\Java\javapath;C:\Program Files (x86)\Common Files\Oracle\Java\javapath;C:\CodeBlocks\MinGW\bin;C:\Windows\system32;C:\Windows;C:\Windows\System32\Wbem;C:\Windows\System32\WindowsPowerShell\v1.0\;C:\Windows\System32\OpenSSH\;C:\cmake-3.19.0-win64-x64\bin;C:\Program Files\Microsoft SQL Server\130\Tools\Binn\;C:\Program Files\PuTTY\;C:\WINDOWS\system32;C:\WINDOWS;C:\WINDOWS\System32\Wbem;C:\WINDOWS\System32\WindowsPowerShell\v1.0\;C:\WINDOWS\System32\OpenSSH\;C:\Program Files\nodejs\;C:\ProgramData\chocolatey\bin;C:\Program Files\dotnet\;C:\Program Files\Microsoft SQL Server\Client SDK\ODBC\170\Tools\Binn\;C:\Program Files\Git\cmd;C:\Program Files\Git\mingw64\bin;C:\Program Files\Git\usr\bin;C:\Users\SaulRC1\AppData\Local\Android\Sdk\platform-tools;;C:\Program Files (x86)\NVIDIA Corporation\PhysX\Common;C:\Program Files\Java\jdk-11.0.19+7\bin;C:\Users\SaulRC1\AppData\Local\Programs\Python\Python38\Scripts\;C:\Users\SaulRC1\AppData\Local\Programs\Python\Python38\;C:\Users\SaulRC1\AppData\Local\Microsoft\WindowsApps;C:\Users\SaulRC1\AppData\Local\Programs\Microsoft VS Code\bin;C:\Users\SaulRC1\.dotnet\tools;C:\Program Files\Java\jdk-16.0.1\bin;C:\Users\SaulRC1\AppData\Roaming\npm;C:\Program Files\JetBrains\IntelliJ IDEA Community Edition 2021.3\bin;C:\Users\SaulRC1\.dotnet\tools;;."/>
    <property name="java.vm.info" value="mixed mode"/>
    <property name="java.vendor" value="Eclipse Adoptium"/>
    <property name="java.vm.version" value="11.0.19+7"/>
    <property name="sun.io.unicode.encoding" value="UnicodeLittle"/>
    <property name="java.class.version" value="55.0"/>
  </properties>
  <testcase name="testDocumentParsing" classname="CorpusFormatDocumentParserTest" time="0.032"/>
  <testcase name="test_WrongDocumentExtensionException_thrown_when_incorrect_document_extension" classname="CorpusFormatDocumentParserTest" time="0.016"/>
  <testcase name="test_FileNotFoundException_thrown_when_file_does_not_exists" classname="CorpusFormatDocumentParserTest" time="0.002"/>
</testsuite>